
> iapar@0.1.0 start /home/marco-petry/Documentos/iapar-site
> react-scripts start

[34mℹ[39m [90m｢wds｣[39m: Project is running at http://10.0.0.120/
[34mℹ[39m [90m｢wds｣[39m: webpack output is served from /
[34mℹ[39m [90m｢wds｣[39m: Content not from webpack is served from /home/marco-petry/Documentos/iapar-site/public
[34mℹ[39m [90m｢wds｣[39m: 404s will fallback to /index.html
Starting the development server...

Compiled with warnings.

./src/containers/Login/Login.js
  Line 6:8:    'api' is defined but never used                no-unused-vars
  Line 15:12:  'token' is assigned a value but never used     no-unused-vars
  Line 15:19:  'setToken' is assigned a value but never used  no-unused-vars

Search for the keywords to learn more about each warning.
To ignore, add // eslint-disable-next-line to the line before.


> iapar@0.1.0 start /home/marco-petry/Documentos/iapar-site
> react-scripts start

[34mℹ[39m [90m｢wds｣[39m: Project is running at http://10.0.0.120/
[34mℹ[39m [90m｢wds｣[39m: webpack output is served from /
[34mℹ[39m [90m｢wds｣[39m: Content not from webpack is served from /home/marco-petry/Documentos/iapar-site/public
[34mℹ[39m [90m｢wds｣[39m: 404s will fallback to /index.html
Starting the development server...

Compiled with warnings.

./src/containers/Login/Login.js
  Line 6:8:    'api' is defined but never used                no-unused-vars
  Line 15:12:  'token' is assigned a value but never used     no-unused-vars
  Line 15:19:  'setToken' is assigned a value but never used  no-unused-vars

Search for the keywords to learn more about each warning.
To ignore, add // eslint-disable-next-line to the line before.

Compiling...
Compiled with warnings.

./src/containers/Login/Login.js
  Line 6:8:    'api' is defined but never used                no-unused-vars
  Line 15:12:  'token' is assigned a value but never used     no-unused-vars
  Line 15:19:  'setToken' is assigned a value but never used  no-unused-vars

Search for the keywords to learn more about each warning.
To ignore, add // eslint-disable-next-line to the line before.


> iapar@0.1.0 start /home/marco-petry/Documentos/iapar-site
> react-scripts start

[34mℹ[39m [90m｢wds｣[39m: Project is running at http://10.0.0.120/
[34mℹ[39m [90m｢wds｣[39m: webpack output is served from /
[34mℹ[39m [90m｢wds｣[39m: Content not from webpack is served from /home/marco-petry/Documentos/iapar-site/public
[34mℹ[39m [90m｢wds｣[39m: 404s will fallback to /index.html
Starting the development server...

Compiled with warnings.

./src/containers/Login/Login.js
  Line 6:8:    'api' is defined but never used                no-unused-vars
  Line 15:12:  'token' is assigned a value but never used     no-unused-vars
  Line 15:19:  'setToken' is assigned a value but never used  no-unused-vars

Search for the keywords to learn more about each warning.
To ignore, add // eslint-disable-next-line to the line before.

Compiling...
Compiled with warnings.

./src/containers/Autenticacao/Autenticacao.js
  Line 12:18:  'setErro' is assigned a value but never used   no-unused-vars
  Line 17:15:  'response' is assigned a value but never used  no-unused-vars

./src/containers/Login/Login.js
  Line 6:8:    'api' is defined but never used                no-unused-vars
  Line 15:12:  'token' is assigned a value but never used     no-unused-vars
  Line 15:19:  'setToken' is assigned a value but never used  no-unused-vars

Search for the keywords to learn more about each warning.
To ignore, add // eslint-disable-next-line to the line before.

Compiling...
Compiled with warnings.

./src/containers/Login/Login.js
  Line 6:8:    'api' is defined but never used                no-unused-vars
  Line 15:12:  'token' is assigned a value but never used     no-unused-vars
  Line 15:19:  'setToken' is assigned a value but never used  no-unused-vars

Search for the keywords to learn more about each warning.
To ignore, add // eslint-disable-next-line to the line before.

Compiling...
Failed to compile.

./src/containers/Autenticacao/Autenticacao.js
Syntax error: Unexpected token (64:5)

  62 |     return (
  63 |         <TelaEspera mensagem="Estamos validando suas informações ..."
> 64 |     );
     |     ^
  65 | }
Compiling...
Compiled with warnings.

./src/containers/Autenticacao/Autenticacao.js
  Line 4:16:  'CircularProgress' is defined but never used  no-unused-vars

./src/containers/Login/Login.js
  Line 6:8:    'api' is defined but never used                no-unused-vars
  Line 15:12:  'token' is assigned a value but never used     no-unused-vars
  Line 15:19:  'setToken' is assigned a value but never used  no-unused-vars

Search for the keywords to learn more about each warning.
To ignore, add // eslint-disable-next-line to the line before.

Compiling...
Compiled with warnings.

./src/containers/Autenticacao/Autenticacao.js
  Line 4:16:  'CircularProgress' is defined but never used  no-unused-vars

./src/containers/Login/Login.js
  Line 6:8:    'api' is defined but never used                no-unused-vars
  Line 15:12:  'token' is assigned a value but never used     no-unused-vars
  Line 15:19:  'setToken' is assigned a value but never used  no-unused-vars

Search for the keywords to learn more about each warning.
To ignore, add // eslint-disable-next-line to the line before.

Compiling...
Compiled with warnings.

./src/containers/Autenticacao/Autenticacao.js
  Line 4:16:  'CircularProgress' is defined but never used  no-unused-vars

./src/containers/Login/Login.js
  Line 6:8:    'api' is defined but never used                no-unused-vars
  Line 15:12:  'token' is assigned a value but never used     no-unused-vars
  Line 15:19:  'setToken' is assigned a value but never used  no-unused-vars

Search for the keywords to learn more about each warning.
To ignore, add // eslint-disable-next-line to the line before.

Compiling...
Compiled with warnings.

./src/containers/Autenticacao/Autenticacao.js
  Line 4:16:  'CircularProgress' is defined but never used  no-unused-vars

./src/containers/Login/Login.js
  Line 6:8:    'api' is defined but never used                no-unused-vars
  Line 15:12:  'token' is assigned a value but never used     no-unused-vars
  Line 15:19:  'setToken' is assigned a value but never used  no-unused-vars

Search for the keywords to learn more about each warning.
To ignore, add // eslint-disable-next-line to the line before.

Compiling...
Compiled with warnings.

./src/containers/Autenticacao/Autenticacao.js
  Line 4:16:  'CircularProgress' is defined but never used  no-unused-vars

./src/containers/Login/Login.js
  Line 6:8:    'api' is defined but never used                no-unused-vars
  Line 15:12:  'token' is assigned a value but never used     no-unused-vars
  Line 15:19:  'setToken' is assigned a value but never used  no-unused-vars

Search for the keywords to learn more about each warning.
To ignore, add // eslint-disable-next-line to the line before.

Compiling...
Failed to compile.

./src/containers/Autenticacao/Autenticacao.js
Syntax error: Unexpected token (51:21)

  49 |                 <Alert severity="error" className="alert-auth-error">{erro}</Alert>
  50 |                 {
> 51 |                     if(response.message === 'Token reenviado. Acesse seu email para confirmar.') 
     |                     ^
  52 |                         return (
  53 |                             <FormControl margin="dense" className="container-input-email-auth">
  54 |                                 <InputLabel htmlFor="email">Email</InputLabel>
Compiling...
Compiled with warnings.

./src/containers/Autenticacao/Autenticacao.js
  Line 4:16:  'CircularProgress' is defined but never used  no-unused-vars

./src/containers/Login/Login.js
  Line 6:8:    'api' is defined but never used                no-unused-vars
  Line 15:12:  'token' is assigned a value but never used     no-unused-vars
  Line 15:19:  'setToken' is assigned a value but never used  no-unused-vars

Search for the keywords to learn more about each warning.
To ignore, add // eslint-disable-next-line to the line before.

Compiling...
Compiled with warnings.

./src/containers/Autenticacao/Autenticacao.js
  Line 4:16:  'CircularProgress' is defined but never used  no-unused-vars

./src/containers/Login/Login.js
  Line 6:8:    'api' is defined but never used                no-unused-vars
  Line 15:12:  'token' is assigned a value but never used     no-unused-vars
  Line 15:19:  'setToken' is assigned a value but never used  no-unused-vars

Search for the keywords to learn more about each warning.
To ignore, add // eslint-disable-next-line to the line before.

Compiling...
Compiled with warnings.

./src/containers/Autenticacao/Autenticacao.js
  Line 4:16:  'CircularProgress' is defined but never used  no-unused-vars

./src/containers/Login/Login.js
  Line 6:8:    'api' is defined but never used                no-unused-vars
  Line 15:12:  'token' is assigned a value but never used     no-unused-vars
  Line 15:19:  'setToken' is assigned a value but never used  no-unused-vars

Search for the keywords to learn more about each warning.
To ignore, add // eslint-disable-next-line to the line before.

Compiling...
Compiled with warnings.

./src/containers/Autenticacao/Autenticacao.js
  Line 4:16:  'CircularProgress' is defined but never used  no-unused-vars

./src/containers/Login/Login.js
  Line 6:8:    'api' is defined but never used                no-unused-vars
  Line 15:12:  'token' is assigned a value but never used     no-unused-vars
  Line 15:19:  'setToken' is assigned a value but never used  no-unused-vars

Search for the keywords to learn more about each warning.
To ignore, add // eslint-disable-next-line to the line before.

Compiling...
Compiled with warnings.

./src/containers/Autenticacao/Autenticacao.js
  Line 4:16:  'CircularProgress' is defined but never used  no-unused-vars

./src/containers/Login/Login.js
  Line 6:8:    'api' is defined but never used                no-unused-vars
  Line 15:12:  'token' is assigned a value but never used     no-unused-vars
  Line 15:19:  'setToken' is assigned a value but never used  no-unused-vars

Search for the keywords to learn more about each warning.
To ignore, add // eslint-disable-next-line to the line before.

Compiling...
Compiled with warnings.

./src/containers/Autenticacao/Autenticacao.js
  Line 4:16:  'CircularProgress' is defined but never used  no-unused-vars

./src/containers/Login/Login.js
  Line 6:8:    'api' is defined but never used                no-unused-vars
  Line 15:12:  'token' is assigned a value but never used     no-unused-vars
  Line 15:19:  'setToken' is assigned a value but never used  no-unused-vars

Search for the keywords to learn more about each warning.
To ignore, add // eslint-disable-next-line to the line before.

Compiling...
Compiled with warnings.

./src/containers/Autenticacao/Autenticacao.js
  Line 4:16:  'CircularProgress' is defined but never used  no-unused-vars

./src/containers/Login/Login.js
  Line 6:8:    'api' is defined but never used                no-unused-vars
  Line 15:12:  'token' is assigned a value but never used     no-unused-vars
  Line 15:19:  'setToken' is assigned a value but never used  no-unused-vars

Search for the keywords to learn more about each warning.
To ignore, add // eslint-disable-next-line to the line before.

Compiling...
Compiled with warnings.

./src/containers/Login/Login.js
  Line 6:8:    'api' is defined but never used                no-unused-vars
  Line 15:12:  'token' is assigned a value but never used     no-unused-vars
  Line 15:19:  'setToken' is assigned a value but never used  no-unused-vars

Search for the keywords to learn more about each warning.
To ignore, add // eslint-disable-next-line to the line before.

Compiling...
Compiled with warnings.

./src/containers/Login/Login.js
  Line 6:8:    'api' is defined but never used                no-unused-vars
  Line 15:12:  'token' is assigned a value but never used     no-unused-vars
  Line 15:19:  'setToken' is assigned a value but never used  no-unused-vars

Search for the keywords to learn more about each warning.
To ignore, add // eslint-disable-next-line to the line before.

Compiling...
Compiled with warnings.

./src/containers/Login/Login.js
  Line 6:8:    'api' is defined but never used                no-unused-vars
  Line 15:12:  'token' is assigned a value but never used     no-unused-vars
  Line 15:19:  'setToken' is assigned a value but never used  no-unused-vars

Search for the keywords to learn more about each warning.
To ignore, add // eslint-disable-next-line to the line before.

Compiling...
Compiled with warnings.

./src/containers/Login/Login.js
  Line 6:8:    'api' is defined but never used                no-unused-vars
  Line 15:12:  'token' is assigned a value but never used     no-unused-vars
  Line 15:19:  'setToken' is assigned a value but never used  no-unused-vars

Search for the keywords to learn more about each warning.
To ignore, add // eslint-disable-next-line to the line before.

Compiling...
Compiled with warnings.

./src/containers/Login/Login.js
  Line 6:8:    'api' is defined but never used                no-unused-vars
  Line 15:12:  'token' is assigned a value but never used     no-unused-vars
  Line 15:19:  'setToken' is assigned a value but never used  no-unused-vars

Search for the keywords to learn more about each warning.
To ignore, add // eslint-disable-next-line to the line before.

Compiling...
Compiled with warnings.

./src/containers/Autenticacao/Autenticacao.js
  Line 5:10:  'Link' is defined but never used  no-unused-vars

./src/containers/Login/Login.js
  Line 6:8:    'api' is defined but never used                no-unused-vars
  Line 15:12:  'token' is assigned a value but never used     no-unused-vars
  Line 15:19:  'setToken' is assigned a value but never used  no-unused-vars

Search for the keywords to learn more about each warning.
To ignore, add // eslint-disable-next-line to the line before.

Compiling...
Compiled with warnings.

./src/containers/Login/Login.js
  Line 6:8:    'api' is defined but never used                no-unused-vars
  Line 15:12:  'token' is assigned a value but never used     no-unused-vars
  Line 15:19:  'setToken' is assigned a value but never used  no-unused-vars

Search for the keywords to learn more about each warning.
To ignore, add // eslint-disable-next-line to the line before.

Compiling...
Compiled with warnings.

./src/containers/Login/Login.js
  Line 6:8:    'api' is defined but never used                no-unused-vars
  Line 15:12:  'token' is assigned a value but never used     no-unused-vars
  Line 15:19:  'setToken' is assigned a value but never used  no-unused-vars

Search for the keywords to learn more about each warning.
To ignore, add // eslint-disable-next-line to the line before.

Compiling...
Compiled with warnings.

./src/containers/Login/Login.js
  Line 6:8:    'api' is defined but never used                no-unused-vars
  Line 15:12:  'token' is assigned a value but never used     no-unused-vars
  Line 15:19:  'setToken' is assigned a value but never used  no-unused-vars

Search for the keywords to learn more about each warning.
To ignore, add // eslint-disable-next-line to the line before.

Compiling...
Compiled with warnings.

./src/containers/Login/Login.js
  Line 6:8:    'api' is defined but never used                no-unused-vars
  Line 15:12:  'token' is assigned a value but never used     no-unused-vars
  Line 15:19:  'setToken' is assigned a value but never used  no-unused-vars

Search for the keywords to learn more about each warning.
To ignore, add // eslint-disable-next-line to the line before.

Compiling...
Compiled with warnings.

./src/containers/Login/Login.js
  Line 6:8:    'api' is defined but never used                no-unused-vars
  Line 15:12:  'token' is assigned a value but never used     no-unused-vars
  Line 15:19:  'setToken' is assigned a value but never used  no-unused-vars

Search for the keywords to learn more about each warning.
To ignore, add // eslint-disable-next-line to the line before.

Compiling...
Compiled with warnings.

./src/containers/Login/Login.js
  Line 6:8:    'api' is defined but never used                no-unused-vars
  Line 15:12:  'token' is assigned a value but never used     no-unused-vars
  Line 15:19:  'setToken' is assigned a value but never used  no-unused-vars

Search for the keywords to learn more about each warning.
To ignore, add // eslint-disable-next-line to the line before.

Compiling...
Compiled with warnings.

./src/containers/Login/Login.js
  Line 6:8:    'api' is defined but never used                no-unused-vars
  Line 15:12:  'token' is assigned a value but never used     no-unused-vars
  Line 15:19:  'setToken' is assigned a value but never used  no-unused-vars

Search for the keywords to learn more about each warning.
To ignore, add // eslint-disable-next-line to the line before.

Compiling...
Compiled with warnings.

./src/containers/Login/Login.js
  Line 6:8:    'api' is defined but never used                no-unused-vars
  Line 15:12:  'token' is assigned a value but never used     no-unused-vars
  Line 15:19:  'setToken' is assigned a value but never used  no-unused-vars

Search for the keywords to learn more about each warning.
To ignore, add // eslint-disable-next-line to the line before.

Compiling...
Compiled with warnings.

./src/containers/Login/Login.js
  Line 6:8:    'api' is defined but never used                no-unused-vars
  Line 15:12:  'token' is assigned a value but never used     no-unused-vars
  Line 15:19:  'setToken' is assigned a value but never used  no-unused-vars

Search for the keywords to learn more about each warning.
To ignore, add // eslint-disable-next-line to the line before.

Compiling...
Compiled with warnings.

./src/containers/Login/Login.js
  Line 6:8:    'api' is defined but never used                no-unused-vars
  Line 15:12:  'token' is assigned a value but never used     no-unused-vars
  Line 15:19:  'setToken' is assigned a value but never used  no-unused-vars

Search for the keywords to learn more about each warning.
To ignore, add // eslint-disable-next-line to the line before.

Compiling...
Compiled with warnings.

./src/containers/Login/Login.js
  Line 6:8:    'api' is defined but never used                no-unused-vars
  Line 15:12:  'token' is assigned a value but never used     no-unused-vars
  Line 15:19:  'setToken' is assigned a value but never used  no-unused-vars

Search for the keywords to learn more about each warning.
To ignore, add // eslint-disable-next-line to the line before.

Compiling...
Compiled with warnings.

./src/containers/Login/Login.js
  Line 6:8:    'api' is defined but never used                no-unused-vars
  Line 15:12:  'token' is assigned a value but never used     no-unused-vars
  Line 15:19:  'setToken' is assigned a value but never used  no-unused-vars

Search for the keywords to learn more about each warning.
To ignore, add // eslint-disable-next-line to the line before.

Compiling...
Compiled with warnings.

./src/containers/Login/Login.js
  Line 6:8:    'api' is defined but never used                no-unused-vars
  Line 15:12:  'token' is assigned a value but never used     no-unused-vars
  Line 15:19:  'setToken' is assigned a value but never used  no-unused-vars

Search for the keywords to learn more about each warning.
To ignore, add // eslint-disable-next-line to the line before.

Compiling...
Compiled with warnings.

./src/containers/Login/Login.js
  Line 6:8:    'api' is defined but never used                no-unused-vars
  Line 15:12:  'token' is assigned a value but never used     no-unused-vars
  Line 15:19:  'setToken' is assigned a value but never used  no-unused-vars

Search for the keywords to learn more about each warning.
To ignore, add // eslint-disable-next-line to the line before.

Compiling...
Compiled with warnings.

./src/containers/Login/Login.js
  Line 6:8:    'api' is defined but never used                no-unused-vars
  Line 15:12:  'token' is assigned a value but never used     no-unused-vars
  Line 15:19:  'setToken' is assigned a value but never used  no-unused-vars

Search for the keywords to learn more about each warning.
To ignore, add // eslint-disable-next-line to the line before.

Compiling...
Compiled with warnings.

./src/containers/Login/Login.js
  Line 6:8:    'api' is defined but never used                no-unused-vars
  Line 15:12:  'token' is assigned a value but never used     no-unused-vars
  Line 15:19:  'setToken' is assigned a value but never used  no-unused-vars

Search for the keywords to learn more about each warning.
To ignore, add // eslint-disable-next-line to the line before.

Compiling...
Compiled with warnings.

./src/containers/Login/Login.js
  Line 6:8:    'api' is defined but never used                no-unused-vars
  Line 15:12:  'token' is assigned a value but never used     no-unused-vars
  Line 15:19:  'setToken' is assigned a value but never used  no-unused-vars

Search for the keywords to learn more about each warning.
To ignore, add // eslint-disable-next-line to the line before.

Compiling...
Compiled with warnings.

./src/containers/Login/Login.js
  Line 6:8:    'api' is defined but never used                no-unused-vars
  Line 15:12:  'token' is assigned a value but never used     no-unused-vars
  Line 15:19:  'setToken' is assigned a value but never used  no-unused-vars

Search for the keywords to learn more about each warning.
To ignore, add // eslint-disable-next-line to the line before.

Compiling...
Compiled with warnings.

./src/containers/Login/Login.js
  Line 6:8:    'api' is defined but never used                no-unused-vars
  Line 15:12:  'token' is assigned a value but never used     no-unused-vars
  Line 15:19:  'setToken' is assigned a value but never used  no-unused-vars

Search for the keywords to learn more about each warning.
To ignore, add // eslint-disable-next-line to the line before.

